/*C1*/SET SCHEMA SYSTEM_LOBS
INSERT INTO BLOCKS VALUES(0,2147483647,0)
COMMIT
/*C2*/SET SCHEMA PUBLIC
DISCONNECT
/*C3*/SET SCHEMA PUBLIC
create table Clientes (id integer generated by default as identity (start with 1), descripcion varchar(255), direccion1 varchar(255), direccion2 varchar(255), numero integer, rif varchar(255), telefono1 varchar(255), telefono2 varchar(255), primary key (id))
create table Facturas (id integer generated by default as identity (start with 1), descripcion varchar(255), fecha date, importeTotal numeric(19,2), iva double, numero integer, numeroControl varchar(20), porcentajeIVA numeric(2,0), cliente_id integer not null, primary key (id))
create table Facturas_detalles (Facturas_id integer not null, cantidad integer not null, precioPorUnidad numeric(19,2), producto_id integer not null)
create table IMAGES (ID varchar(32) not null, GALLERY varchar(32), image varbinary(16777216), primary key (ID))
create table NotasDeCredito (id integer generated by default as identity (start with 1), descripcion varchar(255), fecha date, importeTotal numeric(19,2), iva double, numero integer, numeroControl varchar(20), porcentajeIVA numeric(2,0), factura_id integer not null, primary key (id))
create table NotasDeDebito (id integer generated by default as identity (start with 1), descripcion varchar(255), fecha date, importeTotal numeric(19,2), iva double, numero integer, numeroControl varchar(20), porcentajeIVA numeric(2,0), factura_id integer not null, primary key (id))
create table OXDISCUSSIONCOMMENTS (id varchar(32) not null, comment clob(16777216), discussionId varchar(32), time timestamp, userName varchar(30), primary key (id))
create table Productos (id integer generated by default as identity (start with 1), descripcion varchar(255), esServicio boolean not null, numero integer, precioDeVenta numeric(19,2) check (precioDeVenta>=0), primary key (id))
create index IDXbhlx4vunn24ym1tbrlgq8g30m on OXDISCUSSIONCOMMENTS (discussionId)
alter table Facturas add constraint FKragm2u1748gh6vmv3k26dqncj foreign key (cliente_id) references Clientes
alter table Facturas_detalles add constraint FK391ref55vfspu5wsxnoibxbma foreign key (producto_id) references Productos
alter table Facturas_detalles add constraint FKppm4psaiixga8trjyrmvuh1sr foreign key (Facturas_id) references Facturas
alter table NotasDeCredito add constraint FK9rws5vraks9aijtdh9xijvqxg foreign key (factura_id) references Facturas
alter table NotasDeDebito add constraint FKawt9mawnl3vf40cyw1drya7vv foreign key (factura_id) references Facturas
